2024-09-10 20:34:22 [main] INFO  c.s.d.DigitalBookApplication - Starting DigitalBookApplication using Java 17.0.2 with PID 28656 (C:\Users\mpech\workspace\DigitalBook\target\classes started by mpech in C:\Users\mpech\workspace\DigitalBook)
2024-09-10 20:34:22 [main] INFO  c.s.d.DigitalBookApplication - No active profile set, falling back to 1 default profile: "default"
2024-09-10 20:34:23 [main] INFO  o.s.d.r.c.RepositoryConfigurationDelegate - Multiple Spring Data modules found, entering strict repository configuration mode
2024-09-10 20:34:23 [main] INFO  o.s.d.r.c.RepositoryConfigurationDelegate - Bootstrapping Spring Data JPA repositories in DEFAULT mode.
2024-09-10 20:34:23 [main] INFO  o.s.d.r.c.RepositoryConfigurationDelegate - Finished Spring Data repository scanning in 136 ms. Found 5 JPA repository interfaces.
2024-09-10 20:34:23 [main] INFO  o.s.d.r.c.RepositoryConfigurationDelegate - Multiple Spring Data modules found, entering strict repository configuration mode
2024-09-10 20:34:23 [main] INFO  o.s.d.r.c.RepositoryConfigurationDelegate - Bootstrapping Spring Data Redis repositories in DEFAULT mode.
2024-09-10 20:34:23 [main] INFO  o.s.d.r.c.RepositoryConfigurationExtensionSupport - Spring Data Redis - Could not safely identify store assignment for repository candidate interface com.site.digitalBook.repository.BookRepository; If you want this repository to be a Redis repository, consider annotating your entities with one of these annotations: org.springframework.data.redis.core.RedisHash (preferred), or consider extending one of the following types with your repository: org.springframework.data.keyvalue.repository.KeyValueRepository
2024-09-10 20:34:23 [main] INFO  o.s.d.r.c.RepositoryConfigurationExtensionSupport - Spring Data Redis - Could not safely identify store assignment for repository candidate interface com.site.digitalBook.repository.CartRepository; If you want this repository to be a Redis repository, consider annotating your entities with one of these annotations: org.springframework.data.redis.core.RedisHash (preferred), or consider extending one of the following types with your repository: org.springframework.data.keyvalue.repository.KeyValueRepository
2024-09-10 20:34:23 [main] INFO  o.s.d.r.c.RepositoryConfigurationExtensionSupport - Spring Data Redis - Could not safely identify store assignment for repository candidate interface com.site.digitalBook.repository.CategorieRepository; If you want this repository to be a Redis repository, consider annotating your entities with one of these annotations: org.springframework.data.redis.core.RedisHash (preferred), or consider extending one of the following types with your repository: org.springframework.data.keyvalue.repository.KeyValueRepository
2024-09-10 20:34:23 [main] INFO  o.s.d.r.c.RepositoryConfigurationExtensionSupport - Spring Data Redis - Could not safely identify store assignment for repository candidate interface com.site.digitalBook.repository.CommandeRepository; If you want this repository to be a Redis repository, consider annotating your entities with one of these annotations: org.springframework.data.redis.core.RedisHash (preferred), or consider extending one of the following types with your repository: org.springframework.data.keyvalue.repository.KeyValueRepository
2024-09-10 20:34:23 [main] INFO  o.s.d.r.c.RepositoryConfigurationExtensionSupport - Spring Data Redis - Could not safely identify store assignment for repository candidate interface com.site.digitalBook.repository.UserRepository; If you want this repository to be a Redis repository, consider annotating your entities with one of these annotations: org.springframework.data.redis.core.RedisHash (preferred), or consider extending one of the following types with your repository: org.springframework.data.keyvalue.repository.KeyValueRepository
2024-09-10 20:34:23 [main] INFO  o.s.d.r.c.RepositoryConfigurationDelegate - Finished Spring Data repository scanning in 13 ms. Found 0 Redis repository interfaces.
2024-09-10 20:34:24 [main] INFO  o.s.b.w.e.tomcat.TomcatWebServer - Tomcat initialized with port 8080 (http)
2024-09-10 20:34:24 [main] INFO  o.a.coyote.http11.Http11NioProtocol - Initializing ProtocolHandler ["http-nio-8080"]
2024-09-10 20:34:24 [main] INFO  o.a.catalina.core.StandardService - Starting service [Tomcat]
2024-09-10 20:34:24 [main] INFO  o.a.catalina.core.StandardEngine - Starting Servlet engine: [Apache Tomcat/10.1.20]
2024-09-10 20:34:24 [main] INFO  o.a.c.c.C.[Tomcat].[localhost].[/] - Initializing Spring embedded WebApplicationContext
2024-09-10 20:34:24 [main] INFO  o.s.b.w.s.c.ServletWebServerApplicationContext - Root WebApplicationContext: initialization completed in 2186 ms
2024-09-10 20:34:24 [main] INFO  org.hibernate.Version - HHH000412: Hibernate ORM core version 6.4.4.Final
2024-09-10 20:34:24 [main] INFO  o.h.c.i.RegionFactoryInitiator - HHH000026: Second-level cache disabled
2024-09-10 20:34:25 [main] INFO  o.s.o.j.p.SpringPersistenceUnitInfo - No LoadTimeWeaver setup: ignoring JPA class transformer
2024-09-10 20:34:25 [main] INFO  com.zaxxer.hikari.HikariDataSource - HikariPool-1 - Starting...
2024-09-10 20:34:25 [main] INFO  com.zaxxer.hikari.pool.HikariPool - HikariPool-1 - Added connection com.mysql.cj.jdbc.ConnectionImpl@12f3fcd
2024-09-10 20:34:25 [main] INFO  com.zaxxer.hikari.HikariDataSource - HikariPool-1 - Start completed.
2024-09-10 20:34:25 [main] WARN  org.hibernate.orm.deprecation - HHH90000025: MySQL8Dialect does not need to be specified explicitly using 'hibernate.dialect' (remove the property setting and it will be selected by default)
2024-09-10 20:34:25 [main] WARN  org.hibernate.orm.deprecation - HHH90000026: MySQL8Dialect has been deprecated; use org.hibernate.dialect.MySQLDialect instead
2024-09-10 20:34:26 [main] INFO  o.h.e.t.j.p.i.JtaPlatformInitiator - HHH000489: No JTA platform available (set 'hibernate.transaction.jta.platform' to enable JTA platform integration)
2024-09-10 20:34:26 [main] WARN  o.h.t.s.i.ExceptionHandlerLoggedImpl - GenerationTarget encountered exception accepting command : Error executing DDL "alter table attacher modify column commande_id integer not null" via JDBC [ALTER command denied to user 'admin_user'@'localhost' for table 'attacher']
org.hibernate.tool.schema.spi.CommandAcceptanceException: Error executing DDL "alter table attacher modify column commande_id integer not null" via JDBC [ALTER command denied to user 'admin_user'@'localhost' for table 'attacher']
	at org.hibernate.tool.schema.internal.exec.GenerationTargetToDatabase.accept(GenerationTargetToDatabase.java:94)
	at org.hibernate.tool.schema.internal.AbstractSchemaMigrator.applySqlString(AbstractSchemaMigrator.java:574)
	at org.hibernate.tool.schema.internal.AbstractSchemaMigrator.applySqlStrings(AbstractSchemaMigrator.java:514)
	at org.hibernate.tool.schema.internal.AbstractSchemaMigrator.migrateTable(AbstractSchemaMigrator.java:333)
	at org.hibernate.tool.schema.internal.GroupedSchemaMigratorImpl.performTablesMigration(GroupedSchemaMigratorImpl.java:84)
	at org.hibernate.tool.schema.internal.AbstractSchemaMigrator.performMigration(AbstractSchemaMigrator.java:232)
	at org.hibernate.tool.schema.internal.AbstractSchemaMigrator.doMigration(AbstractSchemaMigrator.java:117)
	at org.hibernate.tool.schema.spi.SchemaManagementToolCoordinator.performDatabaseAction(SchemaManagementToolCoordinator.java:286)
	at org.hibernate.tool.schema.spi.SchemaManagementToolCoordinator.lambda$process$5(SchemaManagementToolCoordinator.java:145)
	at java.base/java.util.HashMap.forEach(HashMap.java:1421)
	at org.hibernate.tool.schema.spi.SchemaManagementToolCoordinator.process(SchemaManagementToolCoordinator.java:142)
	at org.hibernate.boot.internal.SessionFactoryObserverForSchemaExport.sessionFactoryCreated(SessionFactoryObserverForSchemaExport.java:37)
	at org.hibernate.internal.SessionFactoryObserverChain.sessionFactoryCreated(SessionFactoryObserverChain.java:35)
	at org.hibernate.internal.SessionFactoryImpl.<init>(SessionFactoryImpl.java:315)
	at org.hibernate.boot.internal.SessionFactoryBuilderImpl.build(SessionFactoryBuilderImpl.java:450)
	at org.hibernate.jpa.boot.internal.EntityManagerFactoryBuilderImpl.build(EntityManagerFactoryBuilderImpl.java:1507)
	at org.springframework.orm.jpa.vendor.SpringHibernateJpaPersistenceProvider.createContainerEntityManagerFactory(SpringHibernateJpaPersistenceProvider.java:75)
	at org.springframework.orm.jpa.LocalContainerEntityManagerFactoryBean.createNativeEntityManagerFactory(LocalContainerEntityManagerFactoryBean.java:390)
	at org.springframework.orm.jpa.AbstractEntityManagerFactoryBean.buildNativeEntityManagerFactory(AbstractEntityManagerFactoryBean.java:409)
	at org.springframework.orm.jpa.AbstractEntityManagerFactoryBean.afterPropertiesSet(AbstractEntityManagerFactoryBean.java:396)
	at org.springframework.orm.jpa.LocalContainerEntityManagerFactoryBean.afterPropertiesSet(LocalContainerEntityManagerFactoryBean.java:366)
	at org.springframework.beans.factory.support.AbstractAutowireCapableBeanFactory.invokeInitMethods(AbstractAutowireCapableBeanFactory.java:1833)
	at org.springframework.beans.factory.support.AbstractAutowireCapableBeanFactory.initializeBean(AbstractAutowireCapableBeanFactory.java:1782)
	at org.springframework.beans.factory.support.AbstractAutowireCapableBeanFactory.doCreateBean(AbstractAutowireCapableBeanFactory.java:600)
	at org.springframework.beans.factory.support.AbstractAutowireCapableBeanFactory.createBean(AbstractAutowireCapableBeanFactory.java:522)
	at org.springframework.beans.factory.support.AbstractBeanFactory.lambda$doGetBean$0(AbstractBeanFactory.java:326)
	at org.springframework.beans.factory.support.DefaultSingletonBeanRegistry.getSingleton(DefaultSingletonBeanRegistry.java:234)
	at org.springframework.beans.factory.support.AbstractBeanFactory.doGetBean(AbstractBeanFactory.java:324)
	at org.springframework.beans.factory.support.AbstractBeanFactory.getBean(AbstractBeanFactory.java:200)
	at org.springframework.context.support.AbstractApplicationContext.getBean(AbstractApplicationContext.java:1234)
	at org.springframework.context.support.AbstractApplicationContext.finishBeanFactoryInitialization(AbstractApplicationContext.java:952)
	at org.springframework.context.support.AbstractApplicationContext.refresh(AbstractApplicationContext.java:624)
	at org.springframework.boot.web.servlet.context.ServletWebServerApplicationContext.refresh(ServletWebServerApplicationContext.java:146)
	at org.springframework.boot.SpringApplication.refresh(SpringApplication.java:754)
	at org.springframework.boot.SpringApplication.refreshContext(SpringApplication.java:456)
	at org.springframework.boot.SpringApplication.run(SpringApplication.java:334)
	at org.springframework.boot.SpringApplication.run(SpringApplication.java:1354)
	at org.springframework.boot.SpringApplication.run(SpringApplication.java:1343)
	at com.site.digitalBook.DigitalBookApplication.main(DigitalBookApplication.java:12)
Caused by: java.sql.SQLSyntaxErrorException: ALTER command denied to user 'admin_user'@'localhost' for table 'attacher'
	at com.mysql.cj.jdbc.exceptions.SQLError.createSQLException(SQLError.java:120)
	at com.mysql.cj.jdbc.exceptions.SQLExceptionsMapping.translateException(SQLExceptionsMapping.java:122)
	at com.mysql.cj.jdbc.StatementImpl.executeInternal(StatementImpl.java:763)
	at com.mysql.cj.jdbc.StatementImpl.execute(StatementImpl.java:648)
	at com.zaxxer.hikari.pool.ProxyStatement.execute(ProxyStatement.java:94)
	at com.zaxxer.hikari.pool.HikariProxyStatement.execute(HikariProxyStatement.java)
	at org.hibernate.tool.schema.internal.exec.GenerationTargetToDatabase.accept(GenerationTargetToDatabase.java:80)
	... 38 common frames omitted
2024-09-10 20:34:26 [main] WARN  o.h.t.s.i.ExceptionHandlerLoggedImpl - GenerationTarget encountered exception accepting command : Error executing DDL "alter table categorie modify column id integer not null auto_increment" via JDBC [ALTER command denied to user 'admin_user'@'localhost' for table 'categorie']
org.hibernate.tool.schema.spi.CommandAcceptanceException: Error executing DDL "alter table categorie modify column id integer not null auto_increment" via JDBC [ALTER command denied to user 'admin_user'@'localhost' for table 'categorie']
	at org.hibernate.tool.schema.internal.exec.GenerationTargetToDatabase.accept(GenerationTargetToDatabase.java:94)
	at org.hibernate.tool.schema.internal.AbstractSchemaMigrator.applySqlString(AbstractSchemaMigrator.java:574)
	at org.hibernate.tool.schema.internal.AbstractSchemaMigrator.applySqlStrings(AbstractSchemaMigrator.java:514)
	at org.hibernate.tool.schema.internal.AbstractSchemaMigrator.migrateTable(AbstractSchemaMigrator.java:333)
	at org.hibernate.tool.schema.internal.GroupedSchemaMigratorImpl.performTablesMigration(GroupedSchemaMigratorImpl.java:84)
	at org.hibernate.tool.schema.internal.AbstractSchemaMigrator.performMigration(AbstractSchemaMigrator.java:232)
	at org.hibernate.tool.schema.internal.AbstractSchemaMigrator.doMigration(AbstractSchemaMigrator.java:117)
	at org.hibernate.tool.schema.spi.SchemaManagementToolCoordinator.performDatabaseAction(SchemaManagementToolCoordinator.java:286)
	at org.hibernate.tool.schema.spi.SchemaManagementToolCoordinator.lambda$process$5(SchemaManagementToolCoordinator.java:145)
	at java.base/java.util.HashMap.forEach(HashMap.java:1421)
	at org.hibernate.tool.schema.spi.SchemaManagementToolCoordinator.process(SchemaManagementToolCoordinator.java:142)
	at org.hibernate.boot.internal.SessionFactoryObserverForSchemaExport.sessionFactoryCreated(SessionFactoryObserverForSchemaExport.java:37)
	at org.hibernate.internal.SessionFactoryObserverChain.sessionFactoryCreated(SessionFactoryObserverChain.java:35)
	at org.hibernate.internal.SessionFactoryImpl.<init>(SessionFactoryImpl.java:315)
	at org.hibernate.boot.internal.SessionFactoryBuilderImpl.build(SessionFactoryBuilderImpl.java:450)
	at org.hibernate.jpa.boot.internal.EntityManagerFactoryBuilderImpl.build(EntityManagerFactoryBuilderImpl.java:1507)
	at org.springframework.orm.jpa.vendor.SpringHibernateJpaPersistenceProvider.createContainerEntityManagerFactory(SpringHibernateJpaPersistenceProvider.java:75)
	at org.springframework.orm.jpa.LocalContainerEntityManagerFactoryBean.createNativeEntityManagerFactory(LocalContainerEntityManagerFactoryBean.java:390)
	at org.springframework.orm.jpa.AbstractEntityManagerFactoryBean.buildNativeEntityManagerFactory(AbstractEntityManagerFactoryBean.java:409)
	at org.springframework.orm.jpa.AbstractEntityManagerFactoryBean.afterPropertiesSet(AbstractEntityManagerFactoryBean.java:396)
	at org.springframework.orm.jpa.LocalContainerEntityManagerFactoryBean.afterPropertiesSet(LocalContainerEntityManagerFactoryBean.java:366)
	at org.springframework.beans.factory.support.AbstractAutowireCapableBeanFactory.invokeInitMethods(AbstractAutowireCapableBeanFactory.java:1833)
	at org.springframework.beans.factory.support.AbstractAutowireCapableBeanFactory.initializeBean(AbstractAutowireCapableBeanFactory.java:1782)
	at org.springframework.beans.factory.support.AbstractAutowireCapableBeanFactory.doCreateBean(AbstractAutowireCapableBeanFactory.java:600)
	at org.springframework.beans.factory.support.AbstractAutowireCapableBeanFactory.createBean(AbstractAutowireCapableBeanFactory.java:522)
	at org.springframework.beans.factory.support.AbstractBeanFactory.lambda$doGetBean$0(AbstractBeanFactory.java:326)
	at org.springframework.beans.factory.support.DefaultSingletonBeanRegistry.getSingleton(DefaultSingletonBeanRegistry.java:234)
	at org.springframework.beans.factory.support.AbstractBeanFactory.doGetBean(AbstractBeanFactory.java:324)
	at org.springframework.beans.factory.support.AbstractBeanFactory.getBean(AbstractBeanFactory.java:200)
	at org.springframework.context.support.AbstractApplicationContext.getBean(AbstractApplicationContext.java:1234)
	at org.springframework.context.support.AbstractApplicationContext.finishBeanFactoryInitialization(AbstractApplicationContext.java:952)
	at org.springframework.context.support.AbstractApplicationContext.refresh(AbstractApplicationContext.java:624)
	at org.springframework.boot.web.servlet.context.ServletWebServerApplicationContext.refresh(ServletWebServerApplicationContext.java:146)
	at org.springframework.boot.SpringApplication.refresh(SpringApplication.java:754)
	at org.springframework.boot.SpringApplication.refreshContext(SpringApplication.java:456)
	at org.springframework.boot.SpringApplication.run(SpringApplication.java:334)
	at org.springframework.boot.SpringApplication.run(SpringApplication.java:1354)
	at org.springframework.boot.SpringApplication.run(SpringApplication.java:1343)
	at com.site.digitalBook.DigitalBookApplication.main(DigitalBookApplication.java:12)
Caused by: java.sql.SQLSyntaxErrorException: ALTER command denied to user 'admin_user'@'localhost' for table 'categorie'
	at com.mysql.cj.jdbc.exceptions.SQLError.createSQLException(SQLError.java:120)
	at com.mysql.cj.jdbc.exceptions.SQLExceptionsMapping.translateException(SQLExceptionsMapping.java:122)
	at com.mysql.cj.jdbc.StatementImpl.executeInternal(StatementImpl.java:763)
	at com.mysql.cj.jdbc.StatementImpl.execute(StatementImpl.java:648)
	at com.zaxxer.hikari.pool.ProxyStatement.execute(ProxyStatement.java:94)
	at com.zaxxer.hikari.pool.HikariProxyStatement.execute(HikariProxyStatement.java)
	at org.hibernate.tool.schema.internal.exec.GenerationTargetToDatabase.accept(GenerationTargetToDatabase.java:80)
	... 38 common frames omitted
2024-09-10 20:34:26 [main] WARN  o.h.t.s.i.ExceptionHandlerLoggedImpl - GenerationTarget encountered exception accepting command : Error executing DDL "alter table commandes modify column id integer not null auto_increment" via JDBC [ALTER command denied to user 'admin_user'@'localhost' for table 'commandes']
org.hibernate.tool.schema.spi.CommandAcceptanceException: Error executing DDL "alter table commandes modify column id integer not null auto_increment" via JDBC [ALTER command denied to user 'admin_user'@'localhost' for table 'commandes']
	at org.hibernate.tool.schema.internal.exec.GenerationTargetToDatabase.accept(GenerationTargetToDatabase.java:94)
	at org.hibernate.tool.schema.internal.AbstractSchemaMigrator.applySqlString(AbstractSchemaMigrator.java:574)
	at org.hibernate.tool.schema.internal.AbstractSchemaMigrator.applySqlStrings(AbstractSchemaMigrator.java:514)
	at org.hibernate.tool.schema.internal.AbstractSchemaMigrator.migrateTable(AbstractSchemaMigrator.java:333)
	at org.hibernate.tool.schema.internal.GroupedSchemaMigratorImpl.performTablesMigration(GroupedSchemaMigratorImpl.java:84)
	at org.hibernate.tool.schema.internal.AbstractSchemaMigrator.performMigration(AbstractSchemaMigrator.java:232)
	at org.hibernate.tool.schema.internal.AbstractSchemaMigrator.doMigration(AbstractSchemaMigrator.java:117)
	at org.hibernate.tool.schema.spi.SchemaManagementToolCoordinator.performDatabaseAction(SchemaManagementToolCoordinator.java:286)
	at org.hibernate.tool.schema.spi.SchemaManagementToolCoordinator.lambda$process$5(SchemaManagementToolCoordinator.java:145)
	at java.base/java.util.HashMap.forEach(HashMap.java:1421)
	at org.hibernate.tool.schema.spi.SchemaManagementToolCoordinator.process(SchemaManagementToolCoordinator.java:142)
	at org.hibernate.boot.internal.SessionFactoryObserverForSchemaExport.sessionFactoryCreated(SessionFactoryObserverForSchemaExport.java:37)
	at org.hibernate.internal.SessionFactoryObserverChain.sessionFactoryCreated(SessionFactoryObserverChain.java:35)
	at org.hibernate.internal.SessionFactoryImpl.<init>(SessionFactoryImpl.java:315)
	at org.hibernate.boot.internal.SessionFactoryBuilderImpl.build(SessionFactoryBuilderImpl.java:450)
	at org.hibernate.jpa.boot.internal.EntityManagerFactoryBuilderImpl.build(EntityManagerFactoryBuilderImpl.java:1507)
	at org.springframework.orm.jpa.vendor.SpringHibernateJpaPersistenceProvider.createContainerEntityManagerFactory(SpringHibernateJpaPersistenceProvider.java:75)
	at org.springframework.orm.jpa.LocalContainerEntityManagerFactoryBean.createNativeEntityManagerFactory(LocalContainerEntityManagerFactoryBean.java:390)
	at org.springframework.orm.jpa.AbstractEntityManagerFactoryBean.buildNativeEntityManagerFactory(AbstractEntityManagerFactoryBean.java:409)
	at org.springframework.orm.jpa.AbstractEntityManagerFactoryBean.afterPropertiesSet(AbstractEntityManagerFactoryBean.java:396)
	at org.springframework.orm.jpa.LocalContainerEntityManagerFactoryBean.afterPropertiesSet(LocalContainerEntityManagerFactoryBean.java:366)
	at org.springframework.beans.factory.support.AbstractAutowireCapableBeanFactory.invokeInitMethods(AbstractAutowireCapableBeanFactory.java:1833)
	at org.springframework.beans.factory.support.AbstractAutowireCapableBeanFactory.initializeBean(AbstractAutowireCapableBeanFactory.java:1782)
	at org.springframework.beans.factory.support.AbstractAutowireCapableBeanFactory.doCreateBean(AbstractAutowireCapableBeanFactory.java:600)
	at org.springframework.beans.factory.support.AbstractAutowireCapableBeanFactory.createBean(AbstractAutowireCapableBeanFactory.java:522)
	at org.springframework.beans.factory.support.AbstractBeanFactory.lambda$doGetBean$0(AbstractBeanFactory.java:326)
	at org.springframework.beans.factory.support.DefaultSingletonBeanRegistry.getSingleton(DefaultSingletonBeanRegistry.java:234)
	at org.springframework.beans.factory.support.AbstractBeanFactory.doGetBean(AbstractBeanFactory.java:324)
	at org.springframework.beans.factory.support.AbstractBeanFactory.getBean(AbstractBeanFactory.java:200)
	at org.springframework.context.support.AbstractApplicationContext.getBean(AbstractApplicationContext.java:1234)
	at org.springframework.context.support.AbstractApplicationContext.finishBeanFactoryInitialization(AbstractApplicationContext.java:952)
	at org.springframework.context.support.AbstractApplicationContext.refresh(AbstractApplicationContext.java:624)
	at org.springframework.boot.web.servlet.context.ServletWebServerApplicationContext.refresh(ServletWebServerApplicationContext.java:146)
	at org.springframework.boot.SpringApplication.refresh(SpringApplication.java:754)
	at org.springframework.boot.SpringApplication.refreshContext(SpringApplication.java:456)
	at org.springframework.boot.SpringApplication.run(SpringApplication.java:334)
	at org.springframework.boot.SpringApplication.run(SpringApplication.java:1354)
	at org.springframework.boot.SpringApplication.run(SpringApplication.java:1343)
	at com.site.digitalBook.DigitalBookApplication.main(DigitalBookApplication.java:12)
Caused by: java.sql.SQLSyntaxErrorException: ALTER command denied to user 'admin_user'@'localhost' for table 'commandes'
	at com.mysql.cj.jdbc.exceptions.SQLError.createSQLException(SQLError.java:120)
	at com.mysql.cj.jdbc.exceptions.SQLExceptionsMapping.translateException(SQLExceptionsMapping.java:122)
	at com.mysql.cj.jdbc.StatementImpl.executeInternal(StatementImpl.java:763)
	at com.mysql.cj.jdbc.StatementImpl.execute(StatementImpl.java:648)
	at com.zaxxer.hikari.pool.ProxyStatement.execute(ProxyStatement.java:94)
	at com.zaxxer.hikari.pool.HikariProxyStatement.execute(HikariProxyStatement.java)
	at org.hibernate.tool.schema.internal.exec.GenerationTargetToDatabase.accept(GenerationTargetToDatabase.java:80)
	... 38 common frames omitted
2024-09-10 20:34:26 [main] WARN  o.h.t.s.i.ExceptionHandlerLoggedImpl - GenerationTarget encountered exception accepting command : Error executing DDL "alter table contenir modify column livre_id integer not null" via JDBC [ALTER command denied to user 'admin_user'@'localhost' for table 'contenir']
org.hibernate.tool.schema.spi.CommandAcceptanceException: Error executing DDL "alter table contenir modify column livre_id integer not null" via JDBC [ALTER command denied to user 'admin_user'@'localhost' for table 'contenir']
	at org.hibernate.tool.schema.internal.exec.GenerationTargetToDatabase.accept(GenerationTargetToDatabase.java:94)
	at org.hibernate.tool.schema.internal.AbstractSchemaMigrator.applySqlString(AbstractSchemaMigrator.java:574)
	at org.hibernate.tool.schema.internal.AbstractSchemaMigrator.applySqlStrings(AbstractSchemaMigrator.java:514)
	at org.hibernate.tool.schema.internal.AbstractSchemaMigrator.migrateTable(AbstractSchemaMigrator.java:333)
	at org.hibernate.tool.schema.internal.GroupedSchemaMigratorImpl.performTablesMigration(GroupedSchemaMigratorImpl.java:84)
	at org.hibernate.tool.schema.internal.AbstractSchemaMigrator.performMigration(AbstractSchemaMigrator.java:232)
	at org.hibernate.tool.schema.internal.AbstractSchemaMigrator.doMigration(AbstractSchemaMigrator.java:117)
	at org.hibernate.tool.schema.spi.SchemaManagementToolCoordinator.performDatabaseAction(SchemaManagementToolCoordinator.java:286)
	at org.hibernate.tool.schema.spi.SchemaManagementToolCoordinator.lambda$process$5(SchemaManagementToolCoordinator.java:145)
	at java.base/java.util.HashMap.forEach(HashMap.java:1421)
	at org.hibernate.tool.schema.spi.SchemaManagementToolCoordinator.process(SchemaManagementToolCoordinator.java:142)
	at org.hibernate.boot.internal.SessionFactoryObserverForSchemaExport.sessionFactoryCreated(SessionFactoryObserverForSchemaExport.java:37)
	at org.hibernate.internal.SessionFactoryObserverChain.sessionFactoryCreated(SessionFactoryObserverChain.java:35)
	at org.hibernate.internal.SessionFactoryImpl.<init>(SessionFactoryImpl.java:315)
	at org.hibernate.boot.internal.SessionFactoryBuilderImpl.build(SessionFactoryBuilderImpl.java:450)
	at org.hibernate.jpa.boot.internal.EntityManagerFactoryBuilderImpl.build(EntityManagerFactoryBuilderImpl.java:1507)
	at org.springframework.orm.jpa.vendor.SpringHibernateJpaPersistenceProvider.createContainerEntityManagerFactory(SpringHibernateJpaPersistenceProvider.java:75)
	at org.springframework.orm.jpa.LocalContainerEntityManagerFactoryBean.createNativeEntityManagerFactory(LocalContainerEntityManagerFactoryBean.java:390)
	at org.springframework.orm.jpa.AbstractEntityManagerFactoryBean.buildNativeEntityManagerFactory(AbstractEntityManagerFactoryBean.java:409)
	at org.springframework.orm.jpa.AbstractEntityManagerFactoryBean.afterPropertiesSet(AbstractEntityManagerFactoryBean.java:396)
	at org.springframework.orm.jpa.LocalContainerEntityManagerFactoryBean.afterPropertiesSet(LocalContainerEntityManagerFactoryBean.java:366)
	at org.springframework.beans.factory.support.AbstractAutowireCapableBeanFactory.invokeInitMethods(AbstractAutowireCapableBeanFactory.java:1833)
	at org.springframework.beans.factory.support.AbstractAutowireCapableBeanFactory.initializeBean(AbstractAutowireCapableBeanFactory.java:1782)
	at org.springframework.beans.factory.support.AbstractAutowireCapableBeanFactory.doCreateBean(AbstractAutowireCapableBeanFactory.java:600)
	at org.springframework.beans.factory.support.AbstractAutowireCapableBeanFactory.createBean(AbstractAutowireCapableBeanFactory.java:522)
	at org.springframework.beans.factory.support.AbstractBeanFactory.lambda$doGetBean$0(AbstractBeanFactory.java:326)
	at org.springframework.beans.factory.support.DefaultSingletonBeanRegistry.getSingleton(DefaultSingletonBeanRegistry.java:234)
	at org.springframework.beans.factory.support.AbstractBeanFactory.doGetBean(AbstractBeanFactory.java:324)
	at org.springframework.beans.factory.support.AbstractBeanFactory.getBean(AbstractBeanFactory.java:200)
	at org.springframework.context.support.AbstractApplicationContext.getBean(AbstractApplicationContext.java:1234)
	at org.springframework.context.support.AbstractApplicationContext.finishBeanFactoryInitialization(AbstractApplicationContext.java:952)
	at org.springframework.context.support.AbstractApplicationContext.refresh(AbstractApplicationContext.java:624)
	at org.springframework.boot.web.servlet.context.ServletWebServerApplicationContext.refresh(ServletWebServerApplicationContext.java:146)
	at org.springframework.boot.SpringApplication.refresh(SpringApplication.java:754)
	at org.springframework.boot.SpringApplication.refreshContext(SpringApplication.java:456)
	at org.springframework.boot.SpringApplication.run(SpringApplication.java:334)
	at org.springframework.boot.SpringApplication.run(SpringApplication.java:1354)
	at org.springframework.boot.SpringApplication.run(SpringApplication.java:1343)
	at com.site.digitalBook.DigitalBookApplication.main(DigitalBookApplication.java:12)
Caused by: java.sql.SQLSyntaxErrorException: ALTER command denied to user 'admin_user'@'localhost' for table 'contenir'
	at com.mysql.cj.jdbc.exceptions.SQLError.createSQLException(SQLError.java:120)
	at com.mysql.cj.jdbc.exceptions.SQLExceptionsMapping.translateException(SQLExceptionsMapping.java:122)
	at com.mysql.cj.jdbc.StatementImpl.executeInternal(StatementImpl.java:763)
	at com.mysql.cj.jdbc.StatementImpl.execute(StatementImpl.java:648)
	at com.zaxxer.hikari.pool.ProxyStatement.execute(ProxyStatement.java:94)
	at com.zaxxer.hikari.pool.HikariProxyStatement.execute(HikariProxyStatement.java)
	at org.hibernate.tool.schema.internal.exec.GenerationTargetToDatabase.accept(GenerationTargetToDatabase.java:80)
	... 38 common frames omitted
2024-09-10 20:34:26 [main] WARN  o.h.t.s.i.ExceptionHandlerLoggedImpl - GenerationTarget encountered exception accepting command : Error executing DDL "alter table inclure modify column livre_id integer not null" via JDBC [ALTER command denied to user 'admin_user'@'localhost' for table 'inclure']
org.hibernate.tool.schema.spi.CommandAcceptanceException: Error executing DDL "alter table inclure modify column livre_id integer not null" via JDBC [ALTER command denied to user 'admin_user'@'localhost' for table 'inclure']
	at org.hibernate.tool.schema.internal.exec.GenerationTargetToDatabase.accept(GenerationTargetToDatabase.java:94)
	at org.hibernate.tool.schema.internal.AbstractSchemaMigrator.applySqlString(AbstractSchemaMigrator.java:574)
	at org.hibernate.tool.schema.internal.AbstractSchemaMigrator.applySqlStrings(AbstractSchemaMigrator.java:514)
	at org.hibernate.tool.schema.internal.AbstractSchemaMigrator.migrateTable(AbstractSchemaMigrator.java:333)
	at org.hibernate.tool.schema.internal.GroupedSchemaMigratorImpl.performTablesMigration(GroupedSchemaMigratorImpl.java:84)
	at org.hibernate.tool.schema.internal.AbstractSchemaMigrator.performMigration(AbstractSchemaMigrator.java:232)
	at org.hibernate.tool.schema.internal.AbstractSchemaMigrator.doMigration(AbstractSchemaMigrator.java:117)
	at org.hibernate.tool.schema.spi.SchemaManagementToolCoordinator.performDatabaseAction(SchemaManagementToolCoordinator.java:286)
	at org.hibernate.tool.schema.spi.SchemaManagementToolCoordinator.lambda$process$5(SchemaManagementToolCoordinator.java:145)
	at java.base/java.util.HashMap.forEach(HashMap.java:1421)
	at org.hibernate.tool.schema.spi.SchemaManagementToolCoordinator.process(SchemaManagementToolCoordinator.java:142)
	at org.hibernate.boot.internal.SessionFactoryObserverForSchemaExport.sessionFactoryCreated(SessionFactoryObserverForSchemaExport.java:37)
	at org.hibernate.internal.SessionFactoryObserverChain.sessionFactoryCreated(SessionFactoryObserverChain.java:35)
	at org.hibernate.internal.SessionFactoryImpl.<init>(SessionFactoryImpl.java:315)
	at org.hibernate.boot.internal.SessionFactoryBuilderImpl.build(SessionFactoryBuilderImpl.java:450)
	at org.hibernate.jpa.boot.internal.EntityManagerFactoryBuilderImpl.build(EntityManagerFactoryBuilderImpl.java:1507)
	at org.springframework.orm.jpa.vendor.SpringHibernateJpaPersistenceProvider.createContainerEntityManagerFactory(SpringHibernateJpaPersistenceProvider.java:75)
	at org.springframework.orm.jpa.LocalContainerEntityManagerFactoryBean.createNativeEntityManagerFactory(LocalContainerEntityManagerFactoryBean.java:390)
	at org.springframework.orm.jpa.AbstractEntityManagerFactoryBean.buildNativeEntityManagerFactory(AbstractEntityManagerFactoryBean.java:409)
	at org.springframework.orm.jpa.AbstractEntityManagerFactoryBean.afterPropertiesSet(AbstractEntityManagerFactoryBean.java:396)
	at org.springframework.orm.jpa.LocalContainerEntityManagerFactoryBean.afterPropertiesSet(LocalContainerEntityManagerFactoryBean.java:366)
	at org.springframework.beans.factory.support.AbstractAutowireCapableBeanFactory.invokeInitMethods(AbstractAutowireCapableBeanFactory.java:1833)
	at org.springframework.beans.factory.support.AbstractAutowireCapableBeanFactory.initializeBean(AbstractAutowireCapableBeanFactory.java:1782)
	at org.springframework.beans.factory.support.AbstractAutowireCapableBeanFactory.doCreateBean(AbstractAutowireCapableBeanFactory.java:600)
	at org.springframework.beans.factory.support.AbstractAutowireCapableBeanFactory.createBean(AbstractAutowireCapableBeanFactory.java:522)
	at org.springframework.beans.factory.support.AbstractBeanFactory.lambda$doGetBean$0(AbstractBeanFactory.java:326)
	at org.springframework.beans.factory.support.DefaultSingletonBeanRegistry.getSingleton(DefaultSingletonBeanRegistry.java:234)
	at org.springframework.beans.factory.support.AbstractBeanFactory.doGetBean(AbstractBeanFactory.java:324)
	at org.springframework.beans.factory.support.AbstractBeanFactory.getBean(AbstractBeanFactory.java:200)
	at org.springframework.context.support.AbstractApplicationContext.getBean(AbstractApplicationContext.java:1234)
	at org.springframework.context.support.AbstractApplicationContext.finishBeanFactoryInitialization(AbstractApplicationContext.java:952)
	at org.springframework.context.support.AbstractApplicationContext.refresh(AbstractApplicationContext.java:624)
	at org.springframework.boot.web.servlet.context.ServletWebServerApplicationContext.refresh(ServletWebServerApplicationContext.java:146)
	at org.springframework.boot.SpringApplication.refresh(SpringApplication.java:754)
	at org.springframework.boot.SpringApplication.refreshContext(SpringApplication.java:456)
	at org.springframework.boot.SpringApplication.run(SpringApplication.java:334)
	at org.springframework.boot.SpringApplication.run(SpringApplication.java:1354)
	at org.springframework.boot.SpringApplication.run(SpringApplication.java:1343)
	at com.site.digitalBook.DigitalBookApplication.main(DigitalBookApplication.java:12)
Caused by: java.sql.SQLSyntaxErrorException: ALTER command denied to user 'admin_user'@'localhost' for table 'inclure'
	at com.mysql.cj.jdbc.exceptions.SQLError.createSQLException(SQLError.java:120)
	at com.mysql.cj.jdbc.exceptions.SQLExceptionsMapping.translateException(SQLExceptionsMapping.java:122)
	at com.mysql.cj.jdbc.StatementImpl.executeInternal(StatementImpl.java:763)
	at com.mysql.cj.jdbc.StatementImpl.execute(StatementImpl.java:648)
	at com.zaxxer.hikari.pool.ProxyStatement.execute(ProxyStatement.java:94)
	at com.zaxxer.hikari.pool.HikariProxyStatement.execute(HikariProxyStatement.java)
	at org.hibernate.tool.schema.internal.exec.GenerationTargetToDatabase.accept(GenerationTargetToDatabase.java:80)
	... 38 common frames omitted
2024-09-10 20:34:26 [main] WARN  o.h.t.s.i.ExceptionHandlerLoggedImpl - GenerationTarget encountered exception accepting command : Error executing DDL "alter table inclure modify column categorie_id integer not null" via JDBC [ALTER command denied to user 'admin_user'@'localhost' for table 'inclure']
org.hibernate.tool.schema.spi.CommandAcceptanceException: Error executing DDL "alter table inclure modify column categorie_id integer not null" via JDBC [ALTER command denied to user 'admin_user'@'localhost' for table 'inclure']
	at org.hibernate.tool.schema.internal.exec.GenerationTargetToDatabase.accept(GenerationTargetToDatabase.java:94)
	at org.hibernate.tool.schema.internal.AbstractSchemaMigrator.applySqlString(AbstractSchemaMigrator.java:574)
	at org.hibernate.tool.schema.internal.AbstractSchemaMigrator.applySqlStrings(AbstractSchemaMigrator.java:514)
	at org.hibernate.tool.schema.internal.AbstractSchemaMigrator.migrateTable(AbstractSchemaMigrator.java:333)
	at org.hibernate.tool.schema.internal.GroupedSchemaMigratorImpl.performTablesMigration(GroupedSchemaMigratorImpl.java:84)
	at org.hibernate.tool.schema.internal.AbstractSchemaMigrator.performMigration(AbstractSchemaMigrator.java:232)
	at org.hibernate.tool.schema.internal.AbstractSchemaMigrator.doMigration(AbstractSchemaMigrator.java:117)
	at org.hibernate.tool.schema.spi.SchemaManagementToolCoordinator.performDatabaseAction(SchemaManagementToolCoordinator.java:286)
	at org.hibernate.tool.schema.spi.SchemaManagementToolCoordinator.lambda$process$5(SchemaManagementToolCoordinator.java:145)
	at java.base/java.util.HashMap.forEach(HashMap.java:1421)
	at org.hibernate.tool.schema.spi.SchemaManagementToolCoordinator.process(SchemaManagementToolCoordinator.java:142)
	at org.hibernate.boot.internal.SessionFactoryObserverForSchemaExport.sessionFactoryCreated(SessionFactoryObserverForSchemaExport.java:37)
	at org.hibernate.internal.SessionFactoryObserverChain.sessionFactoryCreated(SessionFactoryObserverChain.java:35)
	at org.hibernate.internal.SessionFactoryImpl.<init>(SessionFactoryImpl.java:315)
	at org.hibernate.boot.internal.SessionFactoryBuilderImpl.build(SessionFactoryBuilderImpl.java:450)
	at org.hibernate.jpa.boot.internal.EntityManagerFactoryBuilderImpl.build(EntityManagerFactoryBuilderImpl.java:1507)
	at org.springframework.orm.jpa.vendor.SpringHibernateJpaPersistenceProvider.createContainerEntityManagerFactory(SpringHibernateJpaPersistenceProvider.java:75)
	at org.springframework.orm.jpa.LocalContainerEntityManagerFactoryBean.createNativeEntityManagerFactory(LocalContainerEntityManagerFactoryBean.java:390)
	at org.springframework.orm.jpa.AbstractEntityManagerFactoryBean.buildNativeEntityManagerFactory(AbstractEntityManagerFactoryBean.java:409)
	at org.springframework.orm.jpa.AbstractEntityManagerFactoryBean.afterPropertiesSet(AbstractEntityManagerFactoryBean.java:396)
	at org.springframework.orm.jpa.LocalContainerEntityManagerFactoryBean.afterPropertiesSet(LocalContainerEntityManagerFactoryBean.java:366)
	at org.springframework.beans.factory.support.AbstractAutowireCapableBeanFactory.invokeInitMethods(AbstractAutowireCapableBeanFactory.java:1833)
	at org.springframework.beans.factory.support.AbstractAutowireCapableBeanFactory.initializeBean(AbstractAutowireCapableBeanFactory.java:1782)
	at org.springframework.beans.factory.support.AbstractAutowireCapableBeanFactory.doCreateBean(AbstractAutowireCapableBeanFactory.java:600)
	at org.springframework.beans.factory.support.AbstractAutowireCapableBeanFactory.createBean(AbstractAutowireCapableBeanFactory.java:522)
	at org.springframework.beans.factory.support.AbstractBeanFactory.lambda$doGetBean$0(AbstractBeanFactory.java:326)
	at org.springframework.beans.factory.support.DefaultSingletonBeanRegistry.getSingleton(DefaultSingletonBeanRegistry.java:234)
	at org.springframework.beans.factory.support.AbstractBeanFactory.doGetBean(AbstractBeanFactory.java:324)
	at org.springframework.beans.factory.support.AbstractBeanFactory.getBean(AbstractBeanFactory.java:200)
	at org.springframework.context.support.AbstractApplicationContext.getBean(AbstractApplicationContext.java:1234)
	at org.springframework.context.support.AbstractApplicationContext.finishBeanFactoryInitialization(AbstractApplicationContext.java:952)
	at org.springframework.context.support.AbstractApplicationContext.refresh(AbstractApplicationContext.java:624)
	at org.springframework.boot.web.servlet.context.ServletWebServerApplicationContext.refresh(ServletWebServerApplicationContext.java:146)
	at org.springframework.boot.SpringApplication.refresh(SpringApplication.java:754)
	at org.springframework.boot.SpringApplication.refreshContext(SpringApplication.java:456)
	at org.springframework.boot.SpringApplication.run(SpringApplication.java:334)
	at org.springframework.boot.SpringApplication.run(SpringApplication.java:1354)
	at org.springframework.boot.SpringApplication.run(SpringApplication.java:1343)
	at com.site.digitalBook.DigitalBookApplication.main(DigitalBookApplication.java:12)
Caused by: java.sql.SQLSyntaxErrorException: ALTER command denied to user 'admin_user'@'localhost' for table 'inclure'
	at com.mysql.cj.jdbc.exceptions.SQLError.createSQLException(SQLError.java:120)
	at com.mysql.cj.jdbc.exceptions.SQLExceptionsMapping.translateException(SQLExceptionsMapping.java:122)
	at com.mysql.cj.jdbc.StatementImpl.executeInternal(StatementImpl.java:763)
	at com.mysql.cj.jdbc.StatementImpl.execute(StatementImpl.java:648)
	at com.zaxxer.hikari.pool.ProxyStatement.execute(ProxyStatement.java:94)
	at com.zaxxer.hikari.pool.HikariProxyStatement.execute(HikariProxyStatement.java)
	at org.hibernate.tool.schema.internal.exec.GenerationTargetToDatabase.accept(GenerationTargetToDatabase.java:80)
	... 38 common frames omitted
2024-09-10 20:34:26 [main] WARN  o.h.t.s.i.ExceptionHandlerLoggedImpl - GenerationTarget encountered exception accepting command : Error executing DDL "alter table livre modify column id integer not null auto_increment" via JDBC [ALTER command denied to user 'admin_user'@'localhost' for table 'livre']
org.hibernate.tool.schema.spi.CommandAcceptanceException: Error executing DDL "alter table livre modify column id integer not null auto_increment" via JDBC [ALTER command denied to user 'admin_user'@'localhost' for table 'livre']
	at org.hibernate.tool.schema.internal.exec.GenerationTargetToDatabase.accept(GenerationTargetToDatabase.java:94)
	at org.hibernate.tool.schema.internal.AbstractSchemaMigrator.applySqlString(AbstractSchemaMigrator.java:574)
	at org.hibernate.tool.schema.internal.AbstractSchemaMigrator.applySqlStrings(AbstractSchemaMigrator.java:514)
	at org.hibernate.tool.schema.internal.AbstractSchemaMigrator.migrateTable(AbstractSchemaMigrator.java:333)
	at org.hibernate.tool.schema.internal.GroupedSchemaMigratorImpl.performTablesMigration(GroupedSchemaMigratorImpl.java:84)
	at org.hibernate.tool.schema.internal.AbstractSchemaMigrator.performMigration(AbstractSchemaMigrator.java:232)
	at org.hibernate.tool.schema.internal.AbstractSchemaMigrator.doMigration(AbstractSchemaMigrator.java:117)
	at org.hibernate.tool.schema.spi.SchemaManagementToolCoordinator.performDatabaseAction(SchemaManagementToolCoordinator.java:286)
	at org.hibernate.tool.schema.spi.SchemaManagementToolCoordinator.lambda$process$5(SchemaManagementToolCoordinator.java:145)
	at java.base/java.util.HashMap.forEach(HashMap.java:1421)
	at org.hibernate.tool.schema.spi.SchemaManagementToolCoordinator.process(SchemaManagementToolCoordinator.java:142)
	at org.hibernate.boot.internal.SessionFactoryObserverForSchemaExport.sessionFactoryCreated(SessionFactoryObserverForSchemaExport.java:37)
	at org.hibernate.internal.SessionFactoryObserverChain.sessionFactoryCreated(SessionFactoryObserverChain.java:35)
	at org.hibernate.internal.SessionFactoryImpl.<init>(SessionFactoryImpl.java:315)
	at org.hibernate.boot.internal.SessionFactoryBuilderImpl.build(SessionFactoryBuilderImpl.java:450)
	at org.hibernate.jpa.boot.internal.EntityManagerFactoryBuilderImpl.build(EntityManagerFactoryBuilderImpl.java:1507)
	at org.springframework.orm.jpa.vendor.SpringHibernateJpaPersistenceProvider.createContainerEntityManagerFactory(SpringHibernateJpaPersistenceProvider.java:75)
	at org.springframework.orm.jpa.LocalContainerEntityManagerFactoryBean.createNativeEntityManagerFactory(LocalContainerEntityManagerFactoryBean.java:390)
	at org.springframework.orm.jpa.AbstractEntityManagerFactoryBean.buildNativeEntityManagerFactory(AbstractEntityManagerFactoryBean.java:409)
	at org.springframework.orm.jpa.AbstractEntityManagerFactoryBean.afterPropertiesSet(AbstractEntityManagerFactoryBean.java:396)
	at org.springframework.orm.jpa.LocalContainerEntityManagerFactoryBean.afterPropertiesSet(LocalContainerEntityManagerFactoryBean.java:366)
	at org.springframework.beans.factory.support.AbstractAutowireCapableBeanFactory.invokeInitMethods(AbstractAutowireCapableBeanFactory.java:1833)
	at org.springframework.beans.factory.support.AbstractAutowireCapableBeanFactory.initializeBean(AbstractAutowireCapableBeanFactory.java:1782)
	at org.springframework.beans.factory.support.AbstractAutowireCapableBeanFactory.doCreateBean(AbstractAutowireCapableBeanFactory.java:600)
	at org.springframework.beans.factory.support.AbstractAutowireCapableBeanFactory.createBean(AbstractAutowireCapableBeanFactory.java:522)
	at org.springframework.beans.factory.support.AbstractBeanFactory.lambda$doGetBean$0(AbstractBeanFactory.java:326)
	at org.springframework.beans.factory.support.DefaultSingletonBeanRegistry.getSingleton(DefaultSingletonBeanRegistry.java:234)
	at org.springframework.beans.factory.support.AbstractBeanFactory.doGetBean(AbstractBeanFactory.java:324)
	at org.springframework.beans.factory.support.AbstractBeanFactory.getBean(AbstractBeanFactory.java:200)
	at org.springframework.context.support.AbstractApplicationContext.getBean(AbstractApplicationContext.java:1234)
	at org.springframework.context.support.AbstractApplicationContext.finishBeanFactoryInitialization(AbstractApplicationContext.java:952)
	at org.springframework.context.support.AbstractApplicationContext.refresh(AbstractApplicationContext.java:624)
	at org.springframework.boot.web.servlet.context.ServletWebServerApplicationContext.refresh(ServletWebServerApplicationContext.java:146)
	at org.springframework.boot.SpringApplication.refresh(SpringApplication.java:754)
	at org.springframework.boot.SpringApplication.refreshContext(SpringApplication.java:456)
	at org.springframework.boot.SpringApplication.run(SpringApplication.java:334)
	at org.springframework.boot.SpringApplication.run(SpringApplication.java:1354)
	at org.springframework.boot.SpringApplication.run(SpringApplication.java:1343)
	at com.site.digitalBook.DigitalBookApplication.main(DigitalBookApplication.java:12)
Caused by: java.sql.SQLSyntaxErrorException: ALTER command denied to user 'admin_user'@'localhost' for table 'livre'
	at com.mysql.cj.jdbc.exceptions.SQLError.createSQLException(SQLError.java:120)
	at com.mysql.cj.jdbc.exceptions.SQLExceptionsMapping.translateException(SQLExceptionsMapping.java:122)
	at com.mysql.cj.jdbc.StatementImpl.executeInternal(StatementImpl.java:763)
	at com.mysql.cj.jdbc.StatementImpl.execute(StatementImpl.java:648)
	at com.zaxxer.hikari.pool.ProxyStatement.execute(ProxyStatement.java:94)
	at com.zaxxer.hikari.pool.HikariProxyStatement.execute(HikariProxyStatement.java)
	at org.hibernate.tool.schema.internal.exec.GenerationTargetToDatabase.accept(GenerationTargetToDatabase.java:80)
	... 38 common frames omitted
2024-09-10 20:34:26 [main] WARN  o.h.t.s.i.ExceptionHandlerLoggedImpl - GenerationTarget encountered exception accepting command : Error executing DDL "alter table panier modify column user_id integer" via JDBC [ALTER command denied to user 'admin_user'@'localhost' for table 'panier']
org.hibernate.tool.schema.spi.CommandAcceptanceException: Error executing DDL "alter table panier modify column user_id integer" via JDBC [ALTER command denied to user 'admin_user'@'localhost' for table 'panier']
	at org.hibernate.tool.schema.internal.exec.GenerationTargetToDatabase.accept(GenerationTargetToDatabase.java:94)
	at org.hibernate.tool.schema.internal.AbstractSchemaMigrator.applySqlString(AbstractSchemaMigrator.java:574)
	at org.hibernate.tool.schema.internal.AbstractSchemaMigrator.applySqlStrings(AbstractSchemaMigrator.java:514)
	at org.hibernate.tool.schema.internal.AbstractSchemaMigrator.migrateTable(AbstractSchemaMigrator.java:333)
	at org.hibernate.tool.schema.internal.GroupedSchemaMigratorImpl.performTablesMigration(GroupedSchemaMigratorImpl.java:84)
	at org.hibernate.tool.schema.internal.AbstractSchemaMigrator.performMigration(AbstractSchemaMigrator.java:232)
	at org.hibernate.tool.schema.internal.AbstractSchemaMigrator.doMigration(AbstractSchemaMigrator.java:117)
	at org.hibernate.tool.schema.spi.SchemaManagementToolCoordinator.performDatabaseAction(SchemaManagementToolCoordinator.java:286)
	at org.hibernate.tool.schema.spi.SchemaManagementToolCoordinator.lambda$process$5(SchemaManagementToolCoordinator.java:145)
	at java.base/java.util.HashMap.forEach(HashMap.java:1421)
	at org.hibernate.tool.schema.spi.SchemaManagementToolCoordinator.process(SchemaManagementToolCoordinator.java:142)
	at org.hibernate.boot.internal.SessionFactoryObserverForSchemaExport.sessionFactoryCreated(SessionFactoryObserverForSchemaExport.java:37)
	at org.hibernate.internal.SessionFactoryObserverChain.sessionFactoryCreated(SessionFactoryObserverChain.java:35)
	at org.hibernate.internal.SessionFactoryImpl.<init>(SessionFactoryImpl.java:315)
	at org.hibernate.boot.internal.SessionFactoryBuilderImpl.build(SessionFactoryBuilderImpl.java:450)
	at org.hibernate.jpa.boot.internal.EntityManagerFactoryBuilderImpl.build(EntityManagerFactoryBuilderImpl.java:1507)
	at org.springframework.orm.jpa.vendor.SpringHibernateJpaPersistenceProvider.createContainerEntityManagerFactory(SpringHibernateJpaPersistenceProvider.java:75)
	at org.springframework.orm.jpa.LocalContainerEntityManagerFactoryBean.createNativeEntityManagerFactory(LocalContainerEntityManagerFactoryBean.java:390)
	at org.springframework.orm.jpa.AbstractEntityManagerFactoryBean.buildNativeEntityManagerFactory(AbstractEntityManagerFactoryBean.java:409)
	at org.springframework.orm.jpa.AbstractEntityManagerFactoryBean.afterPropertiesSet(AbstractEntityManagerFactoryBean.java:396)
	at org.springframework.orm.jpa.LocalContainerEntityManagerFactoryBean.afterPropertiesSet(LocalContainerEntityManagerFactoryBean.java:366)
	at org.springframework.beans.factory.support.AbstractAutowireCapableBeanFactory.invokeInitMethods(AbstractAutowireCapableBeanFactory.java:1833)
	at org.springframework.beans.factory.support.AbstractAutowireCapableBeanFactory.initializeBean(AbstractAutowireCapableBeanFactory.java:1782)
	at org.springframework.beans.factory.support.AbstractAutowireCapableBeanFactory.doCreateBean(AbstractAutowireCapableBeanFactory.java:600)
	at org.springframework.beans.factory.support.AbstractAutowireCapableBeanFactory.createBean(AbstractAutowireCapableBeanFactory.java:522)
	at org.springframework.beans.factory.support.AbstractBeanFactory.lambda$doGetBean$0(AbstractBeanFactory.java:326)
	at org.springframework.beans.factory.support.DefaultSingletonBeanRegistry.getSingleton(DefaultSingletonBeanRegistry.java:234)
	at org.springframework.beans.factory.support.AbstractBeanFactory.doGetBean(AbstractBeanFactory.java:324)
	at org.springframework.beans.factory.support.AbstractBeanFactory.getBean(AbstractBeanFactory.java:200)
	at org.springframework.context.support.AbstractApplicationContext.getBean(AbstractApplicationContext.java:1234)
	at org.springframework.context.support.AbstractApplicationContext.finishBeanFactoryInitialization(AbstractApplicationContext.java:952)
	at org.springframework.context.support.AbstractApplicationContext.refresh(AbstractApplicationContext.java:624)
	at org.springframework.boot.web.servlet.context.ServletWebServerApplicationContext.refresh(ServletWebServerApplicationContext.java:146)
	at org.springframework.boot.SpringApplication.refresh(SpringApplication.java:754)
	at org.springframework.boot.SpringApplication.refreshContext(SpringApplication.java:456)
	at org.springframework.boot.SpringApplication.run(SpringApplication.java:334)
	at org.springframework.boot.SpringApplication.run(SpringApplication.java:1354)
	at org.springframework.boot.SpringApplication.run(SpringApplication.java:1343)
	at com.site.digitalBook.DigitalBookApplication.main(DigitalBookApplication.java:12)
Caused by: java.sql.SQLSyntaxErrorException: ALTER command denied to user 'admin_user'@'localhost' for table 'panier'
	at com.mysql.cj.jdbc.exceptions.SQLError.createSQLException(SQLError.java:120)
	at com.mysql.cj.jdbc.exceptions.SQLExceptionsMapping.translateException(SQLExceptionsMapping.java:122)
	at com.mysql.cj.jdbc.StatementImpl.executeInternal(StatementImpl.java:763)
	at com.mysql.cj.jdbc.StatementImpl.execute(StatementImpl.java:648)
	at com.zaxxer.hikari.pool.ProxyStatement.execute(ProxyStatement.java:94)
	at com.zaxxer.hikari.pool.HikariProxyStatement.execute(HikariProxyStatement.java)
	at org.hibernate.tool.schema.internal.exec.GenerationTargetToDatabase.accept(GenerationTargetToDatabase.java:80)
	... 38 common frames omitted
2024-09-10 20:34:26 [main] WARN  o.h.t.s.i.ExceptionHandlerLoggedImpl - GenerationTarget encountered exception accepting command : Error executing DDL "alter table utilisateur modify column id integer not null auto_increment" via JDBC [ALTER command denied to user 'admin_user'@'localhost' for table 'utilisateur']
org.hibernate.tool.schema.spi.CommandAcceptanceException: Error executing DDL "alter table utilisateur modify column id integer not null auto_increment" via JDBC [ALTER command denied to user 'admin_user'@'localhost' for table 'utilisateur']
	at org.hibernate.tool.schema.internal.exec.GenerationTargetToDatabase.accept(GenerationTargetToDatabase.java:94)
	at org.hibernate.tool.schema.internal.AbstractSchemaMigrator.applySqlString(AbstractSchemaMigrator.java:574)
	at org.hibernate.tool.schema.internal.AbstractSchemaMigrator.applySqlStrings(AbstractSchemaMigrator.java:514)
	at org.hibernate.tool.schema.internal.AbstractSchemaMigrator.migrateTable(AbstractSchemaMigrator.java:333)
	at org.hibernate.tool.schema.internal.GroupedSchemaMigratorImpl.performTablesMigration(GroupedSchemaMigratorImpl.java:84)
	at org.hibernate.tool.schema.internal.AbstractSchemaMigrator.performMigration(AbstractSchemaMigrator.java:232)
	at org.hibernate.tool.schema.internal.AbstractSchemaMigrator.doMigration(AbstractSchemaMigrator.java:117)
	at org.hibernate.tool.schema.spi.SchemaManagementToolCoordinator.performDatabaseAction(SchemaManagementToolCoordinator.java:286)
	at org.hibernate.tool.schema.spi.SchemaManagementToolCoordinator.lambda$process$5(SchemaManagementToolCoordinator.java:145)
	at java.base/java.util.HashMap.forEach(HashMap.java:1421)
	at org.hibernate.tool.schema.spi.SchemaManagementToolCoordinator.process(SchemaManagementToolCoordinator.java:142)
	at org.hibernate.boot.internal.SessionFactoryObserverForSchemaExport.sessionFactoryCreated(SessionFactoryObserverForSchemaExport.java:37)
	at org.hibernate.internal.SessionFactoryObserverChain.sessionFactoryCreated(SessionFactoryObserverChain.java:35)
	at org.hibernate.internal.SessionFactoryImpl.<init>(SessionFactoryImpl.java:315)
	at org.hibernate.boot.internal.SessionFactoryBuilderImpl.build(SessionFactoryBuilderImpl.java:450)
	at org.hibernate.jpa.boot.internal.EntityManagerFactoryBuilderImpl.build(EntityManagerFactoryBuilderImpl.java:1507)
	at org.springframework.orm.jpa.vendor.SpringHibernateJpaPersistenceProvider.createContainerEntityManagerFactory(SpringHibernateJpaPersistenceProvider.java:75)
	at org.springframework.orm.jpa.LocalContainerEntityManagerFactoryBean.createNativeEntityManagerFactory(LocalContainerEntityManagerFactoryBean.java:390)
	at org.springframework.orm.jpa.AbstractEntityManagerFactoryBean.buildNativeEntityManagerFactory(AbstractEntityManagerFactoryBean.java:409)
	at org.springframework.orm.jpa.AbstractEntityManagerFactoryBean.afterPropertiesSet(AbstractEntityManagerFactoryBean.java:396)
	at org.springframework.orm.jpa.LocalContainerEntityManagerFactoryBean.afterPropertiesSet(LocalContainerEntityManagerFactoryBean.java:366)
	at org.springframework.beans.factory.support.AbstractAutowireCapableBeanFactory.invokeInitMethods(AbstractAutowireCapableBeanFactory.java:1833)
	at org.springframework.beans.factory.support.AbstractAutowireCapableBeanFactory.initializeBean(AbstractAutowireCapableBeanFactory.java:1782)
	at org.springframework.beans.factory.support.AbstractAutowireCapableBeanFactory.doCreateBean(AbstractAutowireCapableBeanFactory.java:600)
	at org.springframework.beans.factory.support.AbstractAutowireCapableBeanFactory.createBean(AbstractAutowireCapableBeanFactory.java:522)
	at org.springframework.beans.factory.support.AbstractBeanFactory.lambda$doGetBean$0(AbstractBeanFactory.java:326)
	at org.springframework.beans.factory.support.DefaultSingletonBeanRegistry.getSingleton(DefaultSingletonBeanRegistry.java:234)
	at org.springframework.beans.factory.support.AbstractBeanFactory.doGetBean(AbstractBeanFactory.java:324)
	at org.springframework.beans.factory.support.AbstractBeanFactory.getBean(AbstractBeanFactory.java:200)
	at org.springframework.context.support.AbstractApplicationContext.getBean(AbstractApplicationContext.java:1234)
	at org.springframework.context.support.AbstractApplicationContext.finishBeanFactoryInitialization(AbstractApplicationContext.java:952)
	at org.springframework.context.support.AbstractApplicationContext.refresh(AbstractApplicationContext.java:624)
	at org.springframework.boot.web.servlet.context.ServletWebServerApplicationContext.refresh(ServletWebServerApplicationContext.java:146)
	at org.springframework.boot.SpringApplication.refresh(SpringApplication.java:754)
	at org.springframework.boot.SpringApplication.refreshContext(SpringApplication.java:456)
	at org.springframework.boot.SpringApplication.run(SpringApplication.java:334)
	at org.springframework.boot.SpringApplication.run(SpringApplication.java:1354)
	at org.springframework.boot.SpringApplication.run(SpringApplication.java:1343)
	at com.site.digitalBook.DigitalBookApplication.main(DigitalBookApplication.java:12)
Caused by: java.sql.SQLSyntaxErrorException: ALTER command denied to user 'admin_user'@'localhost' for table 'utilisateur'
	at com.mysql.cj.jdbc.exceptions.SQLError.createSQLException(SQLError.java:120)
	at com.mysql.cj.jdbc.exceptions.SQLExceptionsMapping.translateException(SQLExceptionsMapping.java:122)
	at com.mysql.cj.jdbc.StatementImpl.executeInternal(StatementImpl.java:763)
	at com.mysql.cj.jdbc.StatementImpl.execute(StatementImpl.java:648)
	at com.zaxxer.hikari.pool.ProxyStatement.execute(ProxyStatement.java:94)
	at com.zaxxer.hikari.pool.HikariProxyStatement.execute(HikariProxyStatement.java)
	at org.hibernate.tool.schema.internal.exec.GenerationTargetToDatabase.accept(GenerationTargetToDatabase.java:80)
	... 38 common frames omitted
2024-09-10 20:34:26 [main] WARN  o.h.t.s.i.ExceptionHandlerLoggedImpl - GenerationTarget encountered exception accepting command : Error executing DDL "alter table commandes add constraint FK6e3lfrfs9rwhs3slma6gsjnaj foreign key (user_id) references utilisateur (id)" via JDBC [ALTER command denied to user 'admin_user'@'localhost' for table 'commandes']
org.hibernate.tool.schema.spi.CommandAcceptanceException: Error executing DDL "alter table commandes add constraint FK6e3lfrfs9rwhs3slma6gsjnaj foreign key (user_id) references utilisateur (id)" via JDBC [ALTER command denied to user 'admin_user'@'localhost' for table 'commandes']
	at org.hibernate.tool.schema.internal.exec.GenerationTargetToDatabase.accept(GenerationTargetToDatabase.java:94)
	at org.hibernate.tool.schema.internal.AbstractSchemaMigrator.applySqlString(AbstractSchemaMigrator.java:574)
	at org.hibernate.tool.schema.internal.AbstractSchemaMigrator.applySqlStrings(AbstractSchemaMigrator.java:514)
	at org.hibernate.tool.schema.internal.AbstractSchemaMigrator.applyForeignKeys(AbstractSchemaMigrator.java:446)
	at org.hibernate.tool.schema.internal.AbstractSchemaMigrator.performMigration(AbstractSchemaMigrator.java:268)
	at org.hibernate.tool.schema.internal.AbstractSchemaMigrator.doMigration(AbstractSchemaMigrator.java:117)
	at org.hibernate.tool.schema.spi.SchemaManagementToolCoordinator.performDatabaseAction(SchemaManagementToolCoordinator.java:286)
	at org.hibernate.tool.schema.spi.SchemaManagementToolCoordinator.lambda$process$5(SchemaManagementToolCoordinator.java:145)
	at java.base/java.util.HashMap.forEach(HashMap.java:1421)
	at org.hibernate.tool.schema.spi.SchemaManagementToolCoordinator.process(SchemaManagementToolCoordinator.java:142)
	at org.hibernate.boot.internal.SessionFactoryObserverForSchemaExport.sessionFactoryCreated(SessionFactoryObserverForSchemaExport.java:37)
	at org.hibernate.internal.SessionFactoryObserverChain.sessionFactoryCreated(SessionFactoryObserverChain.java:35)
	at org.hibernate.internal.SessionFactoryImpl.<init>(SessionFactoryImpl.java:315)
	at org.hibernate.boot.internal.SessionFactoryBuilderImpl.build(SessionFactoryBuilderImpl.java:450)
	at org.hibernate.jpa.boot.internal.EntityManagerFactoryBuilderImpl.build(EntityManagerFactoryBuilderImpl.java:1507)
	at org.springframework.orm.jpa.vendor.SpringHibernateJpaPersistenceProvider.createContainerEntityManagerFactory(SpringHibernateJpaPersistenceProvider.java:75)
	at org.springframework.orm.jpa.LocalContainerEntityManagerFactoryBean.createNativeEntityManagerFactory(LocalContainerEntityManagerFactoryBean.java:390)
	at org.springframework.orm.jpa.AbstractEntityManagerFactoryBean.buildNativeEntityManagerFactory(AbstractEntityManagerFactoryBean.java:409)
	at org.springframework.orm.jpa.AbstractEntityManagerFactoryBean.afterPropertiesSet(AbstractEntityManagerFactoryBean.java:396)
	at org.springframework.orm.jpa.LocalContainerEntityManagerFactoryBean.afterPropertiesSet(LocalContainerEntityManagerFactoryBean.java:366)
	at org.springframework.beans.factory.support.AbstractAutowireCapableBeanFactory.invokeInitMethods(AbstractAutowireCapableBeanFactory.java:1833)
	at org.springframework.beans.factory.support.AbstractAutowireCapableBeanFactory.initializeBean(AbstractAutowireCapableBeanFactory.java:1782)
	at org.springframework.beans.factory.support.AbstractAutowireCapableBeanFactory.doCreateBean(AbstractAutowireCapableBeanFactory.java:600)
	at org.springframework.beans.factory.support.AbstractAutowireCapableBeanFactory.createBean(AbstractAutowireCapableBeanFactory.java:522)
	at org.springframework.beans.factory.support.AbstractBeanFactory.lambda$doGetBean$0(AbstractBeanFactory.java:326)
	at org.springframework.beans.factory.support.DefaultSingletonBeanRegistry.getSingleton(DefaultSingletonBeanRegistry.java:234)
	at org.springframework.beans.factory.support.AbstractBeanFactory.doGetBean(AbstractBeanFactory.java:324)
	at org.springframework.beans.factory.support.AbstractBeanFactory.getBean(AbstractBeanFactory.java:200)
	at org.springframework.context.support.AbstractApplicationContext.getBean(AbstractApplicationContext.java:1234)
	at org.springframework.context.support.AbstractApplicationContext.finishBeanFactoryInitialization(AbstractApplicationContext.java:952)
	at org.springframework.context.support.AbstractApplicationContext.refresh(AbstractApplicationContext.java:624)
	at org.springframework.boot.web.servlet.context.ServletWebServerApplicationContext.refresh(ServletWebServerApplicationContext.java:146)
	at org.springframework.boot.SpringApplication.refresh(SpringApplication.java:754)
	at org.springframework.boot.SpringApplication.refreshContext(SpringApplication.java:456)
	at org.springframework.boot.SpringApplication.run(SpringApplication.java:334)
	at org.springframework.boot.SpringApplication.run(SpringApplication.java:1354)
	at org.springframework.boot.SpringApplication.run(SpringApplication.java:1343)
	at com.site.digitalBook.DigitalBookApplication.main(DigitalBookApplication.java:12)
Caused by: java.sql.SQLSyntaxErrorException: ALTER command denied to user 'admin_user'@'localhost' for table 'commandes'
	at com.mysql.cj.jdbc.exceptions.SQLError.createSQLException(SQLError.java:120)
	at com.mysql.cj.jdbc.exceptions.SQLExceptionsMapping.translateException(SQLExceptionsMapping.java:122)
	at com.mysql.cj.jdbc.StatementImpl.executeInternal(StatementImpl.java:763)
	at com.mysql.cj.jdbc.StatementImpl.execute(StatementImpl.java:648)
	at com.zaxxer.hikari.pool.ProxyStatement.execute(ProxyStatement.java:94)
	at com.zaxxer.hikari.pool.HikariProxyStatement.execute(HikariProxyStatement.java)
	at org.hibernate.tool.schema.internal.exec.GenerationTargetToDatabase.accept(GenerationTargetToDatabase.java:80)
	... 37 common frames omitted
2024-09-10 20:34:26 [main] INFO  o.s.o.j.LocalContainerEntityManagerFactoryBean - Initialized JPA EntityManagerFactory for persistence unit 'default'
2024-09-10 20:34:27 [main] INFO  o.s.d.j.r.query.QueryEnhancerFactory - Hibernate is in classpath; If applicable, HQL parser will be used.
2024-09-10 20:34:27 [main] WARN  o.s.b.a.o.j.JpaBaseConfiguration$JpaWebConfiguration - spring.jpa.open-in-view is enabled by default. Therefore, database queries may be performed during view rendering. Explicitly configure spring.jpa.open-in-view to disable this warning
2024-09-10 20:34:28 [main] WARN  o.s.b.a.s.s.UserDetailsServiceAutoConfiguration - 

Using generated security password: e21a6a75-f40e-4461-ae3b-e3e01d559adf

This generated password is for development use only. Your security configuration must be updated before running your application in production.

2024-09-10 20:34:28 [main] INFO  o.s.b.a.e.web.EndpointLinksResolver - Exposing 13 endpoint(s) beneath base path '/actuator'
2024-09-10 20:34:28 [main] INFO  o.s.s.web.DefaultSecurityFilterChain - Will secure any request with [org.springframework.security.web.session.DisableEncodeUrlFilter@4d05b931, org.springframework.security.web.context.request.async.WebAsyncManagerIntegrationFilter@698d07ac, org.springframework.security.web.context.SecurityContextHolderFilter@3e1201dd, org.springframework.security.web.header.HeaderWriterFilter@4d5bfb1a, org.springframework.web.filter.CorsFilter@62d59d60, org.springframework.security.web.authentication.logout.LogoutFilter@7a5151d7, org.springframework.security.web.savedrequest.RequestCacheAwareFilter@2b33553b, org.springframework.security.web.servletapi.SecurityContextHolderAwareRequestFilter@52b2f795, org.springframework.security.web.authentication.AnonymousAuthenticationFilter@3c532b97, org.springframework.security.web.access.ExceptionTranslationFilter@34577542, org.springframework.security.web.access.intercept.AuthorizationFilter@195f46f1]
2024-09-10 20:34:29 [main] INFO  o.a.coyote.http11.Http11NioProtocol - Starting ProtocolHandler ["http-nio-8080"]
2024-09-10 20:34:29 [main] INFO  o.s.b.w.e.tomcat.TomcatWebServer - Tomcat started on port 8080 (http) with context path ''
2024-09-10 20:34:29 [main] INFO  c.s.d.DigitalBookApplication - Started DigitalBookApplication in 7.371 seconds (process running for 7.907)
2024-09-10 20:34:41 [http-nio-8080-exec-2] INFO  o.a.c.c.C.[Tomcat].[localhost].[/] - Initializing Spring DispatcherServlet 'dispatcherServlet'
2024-09-10 20:34:41 [http-nio-8080-exec-2] INFO  o.s.web.servlet.DispatcherServlet - Initializing Servlet 'dispatcherServlet'
2024-09-10 20:34:41 [http-nio-8080-exec-2] INFO  o.s.web.servlet.DispatcherServlet - Completed initialization in 3 ms
2024-09-10 20:34:41 [http-nio-8080-exec-1] INFO  c.s.digitalBook.service.BookService - Rcupration de tous les livres
2024-09-10 20:34:41 [http-nio-8080-exec-3] INFO  c.s.digitalBook.service.UserService - Rcupration de l'utilisateur par email : bichette@gmail.com
2024-09-10 20:34:50 [http-nio-8080-exec-7] INFO  c.s.d.service.TokenBlacklistService - Jeton ajout  la liste noire : dummy-token
2024-09-10 20:34:53 [http-nio-8080-exec-9] INFO  c.s.digitalBook.service.UserService - Rcupration de l'utilisateur par email : bichette@gmail.com
2024-09-10 20:35:08 [http-nio-8080-exec-3] INFO  c.s.digitalBook.service.UserService - Rcupration de l'utilisateur par email : bichette@gmail.com
2024-09-10 20:35:19 [http-nio-8080-exec-4] INFO  c.s.digitalBook.service.UserService - Rcupration de l'utilisateur par email : bichette@gmail.com
2024-09-10 20:37:03 [http-nio-8080-exec-8] INFO  c.s.digitalBook.service.UserService - Ajout d'un utilisateur avec l'email : cecilel1978@gmail.com
2024-09-10 20:37:03 [http-nio-8080-exec-8] INFO  c.s.digitalBook.service.UserService - Utilisateur ajout avec l'email : cecilel1978@gmail.com
2024-09-10 20:37:03 [http-nio-8080-exec-8] INFO  c.s.d.s.VerificationCodeService - Code de vrification gnr : XSxFBkjN
2024-09-10 20:37:17 [http-nio-8080-exec-10] INFO  c.s.digitalBook.service.UserService - Ajout d'un utilisateur avec l'email : cecilel1978@gmail.com
2024-09-10 20:37:17 [http-nio-8080-exec-10] WARN  c.s.digitalBook.service.UserService - L'email existe dj : cecilel1978@gmail.com
2024-09-10 20:37:22 [http-nio-8080-exec-3] INFO  c.s.digitalBook.service.UserService - Ajout d'un utilisateur avec l'email : mickape0901@gmail.com
2024-09-10 20:37:22 [http-nio-8080-exec-3] INFO  c.s.digitalBook.service.UserService - Utilisateur ajout avec l'email : mickape0901@gmail.com
2024-09-10 20:37:22 [http-nio-8080-exec-3] INFO  c.s.d.s.VerificationCodeService - Code de vrification gnr : 0aN3g6cq
2024-09-10 20:37:48 [http-nio-8080-exec-1] INFO  c.s.digitalBook.service.BookService - Rcupration de tous les livres
2024-09-10 20:38:22 [http-nio-8080-exec-4] INFO  c.s.digitalBook.service.BookService - Rcupration de tous les livres
2024-09-10 20:38:22 [http-nio-8080-exec-6] INFO  c.s.digitalBook.service.BookService - Rcupration de tous les livres
2024-09-10 20:38:39 [http-nio-8080-exec-8] INFO  c.s.digitalBook.service.UserService - Authentification de l'utilisateur avec l'email : mickape0901@gmail.com
2024-09-10 20:38:49 [http-nio-8080-exec-10] INFO  c.s.digitalBook.service.UserService - Authentification de l'utilisateur avec l'email : cedricp1979@gmail.com
2024-09-10 20:38:50 [http-nio-8080-exec-1] INFO  c.s.digitalBook.service.UserService - Rcupration de l'utilisateur par email : cedricp1979@gmail.com
2024-09-10 20:38:50 [http-nio-8080-exec-4] INFO  c.s.digitalBook.service.BookService - Rcupration de tous les livres
2024-09-10 20:38:50 [http-nio-8080-exec-5] INFO  c.s.digitalBook.service.UserService - Rcupration de l'utilisateur par email : cedricp1979@gmail.com
2024-09-10 20:38:50 [http-nio-8080-exec-6] INFO  c.s.digitalBook.service.UserService - Rcupration de l'utilisateur par email : cedricp1979@gmail.com
2024-09-10 20:40:03 [http-nio-8080-exec-3] INFO  c.s.digitalBook.service.BookService - Rcupration de tous les livres
2024-09-10 20:40:03 [http-nio-8080-exec-1] INFO  c.s.d.service.CategorieService - Rcupration de toutes les catgories.
2024-09-10 20:40:03 [http-nio-8080-exec-6] INFO  c.s.digitalBook.service.UserService - Rcupration de l'utilisateur par email : cedricp1979@gmail.com
2024-09-10 20:40:03 [http-nio-8080-exec-1] INFO  c.s.d.service.CategorieService - Nombre de catgories rcupres: 20
2024-09-10 20:40:03 [http-nio-8080-exec-4] INFO  c.s.digitalBook.service.BookService - Rcupration de tous les livres
2024-09-10 20:40:15 [http-nio-8080-exec-7] INFO  c.s.digitalBook.service.BookService - Rcupration de tous les livres
2024-09-10 20:40:15 [http-nio-8080-exec-2] INFO  c.s.digitalBook.service.BookService - Rcupration de tous les livres
2024-09-10 20:40:15 [http-nio-8080-exec-10] INFO  c.s.digitalBook.service.BookService - Rcupration de tous les livres
2024-09-10 20:40:15 [http-nio-8080-exec-8] INFO  c.s.digitalBook.service.BookService - Rcupration de tous les livres
2024-09-10 20:40:16 [http-nio-8080-exec-9] INFO  c.s.digitalBook.service.BookService - Rcupration de tous les livres
2024-09-10 20:40:23 [http-nio-8080-exec-5] INFO  c.s.digitalBook.service.BookService - Rcupration de tous les livres
2024-09-10 20:40:34 [http-nio-8080-exec-6] INFO  c.s.digitalBook.service.BookService - Rcupration de tous les livres
2024-09-10 20:40:58 [http-nio-8080-exec-4] INFO  c.s.digitalBook.service.UserService - Rcupration de l'utilisateur par email : cedricp1979@gmail.com
2024-09-10 20:40:58 [http-nio-8080-exec-7] INFO  c.s.digitalBook.service.UserService - Rcupration de l'utilisateur par email : cedricp1979@gmail.com
2024-09-10 20:40:58 [http-nio-8080-exec-2] INFO  c.s.d.service.CommandeService - Rcupration des commandes pour l'utilisateur ID: 32
2024-09-10 20:40:58 [http-nio-8080-exec-2] INFO  c.s.d.service.CommandeService - Nombre de commandes rcupres pour l'utilisateur ID 32: 0
2024-09-10 20:41:00 [http-nio-8080-exec-10] INFO  c.s.digitalBook.service.BookService - Rcupration de tous les livres
2024-09-10 20:41:00 [http-nio-8080-exec-8] INFO  c.s.digitalBook.service.UserService - Rcupration de l'utilisateur par email : cedricp1979@gmail.com
2024-09-10 20:41:21 [http-nio-8080-exec-5] INFO  c.s.digitalBook.service.BookService - Rcupration du livre avec l'ID : 2
2024-09-10 20:41:21 [http-nio-8080-exec-3] INFO  c.s.digitalBook.service.UserService - Rcupration de l'utilisateur par email : cedricp1979@gmail.com
2024-09-10 20:41:21 [http-nio-8080-exec-4] INFO  c.s.digitalBook.service.UserService - Rcupration de l'utilisateur par email : cedricp1979@gmail.com
2024-09-10 20:41:21 [http-nio-8080-exec-7] INFO  c.s.digitalBook.service.BookService - Rcupration des livres par catgorie : Action & Adventure
2024-09-10 20:41:21 [http-nio-8080-exec-2] WARN  c.s.digitalBook.service.CartService - Panier non trouv pour l'utilisateur avec l'ID: 32
2024-09-10 20:41:29 [http-nio-8080-exec-8] INFO  c.s.digitalBook.service.CartService - Ajout du livre avec l'ID 2 au panier de l'utilisateur avec l'ID 32
2024-09-10 20:41:29 [http-nio-8080-exec-8] INFO  c.s.digitalBook.service.CartService - Livre avec l'ID 2 ajout au panier de l'utilisateur avec l'ID 32
2024-09-10 20:41:29 [http-nio-8080-exec-10] INFO  c.s.digitalBook.service.CartService - Panier rcupr pour l'utilisateur avec l'ID: 32
2024-09-10 20:41:29 [http-nio-8080-exec-10] INFO  c.s.digitalBook.service.CartService - Nombre d'articles dans le panier de l'utilisateur avec l'ID 32: 1
2024-09-10 20:41:33 [http-nio-8080-exec-9] INFO  c.s.digitalBook.service.BookService - Rcupration de tous les livres
2024-09-10 20:41:33 [http-nio-8080-exec-6] INFO  c.s.d.service.CategorieService - Rcupration de toutes les catgories.
2024-09-10 20:41:33 [http-nio-8080-exec-3] INFO  c.s.digitalBook.service.UserService - Rcupration de l'utilisateur par email : cedricp1979@gmail.com
2024-09-10 20:41:33 [http-nio-8080-exec-6] INFO  c.s.d.service.CategorieService - Nombre de catgories rcupres: 20
2024-09-10 20:41:33 [http-nio-8080-exec-4] INFO  c.s.digitalBook.service.BookService - Rcupration de tous les livres
2024-09-10 20:41:39 [http-nio-8080-exec-5] INFO  c.s.digitalBook.service.BookService - Rcupration du livre avec l'ID : 39
2024-09-10 20:41:39 [http-nio-8080-exec-8] INFO  c.s.digitalBook.service.UserService - Rcupration de l'utilisateur par email : cedricp1979@gmail.com
2024-09-10 20:41:39 [http-nio-8080-exec-10] INFO  c.s.digitalBook.service.UserService - Rcupration de l'utilisateur par email : cedricp1979@gmail.com
2024-09-10 20:41:39 [http-nio-8080-exec-1] INFO  c.s.digitalBook.service.BookService - Rcupration des livres par catgorie : Classics
2024-09-10 20:41:39 [http-nio-8080-exec-3] INFO  c.s.digitalBook.service.CartService - Panier rcupr pour l'utilisateur avec l'ID: 32
2024-09-10 20:41:53 [http-nio-8080-exec-6] INFO  c.s.digitalBook.service.BookService - Rcupration de tous les livres
2024-09-10 20:41:53 [http-nio-8080-exec-9] INFO  c.s.d.service.CategorieService - Rcupration de toutes les catgories.
2024-09-10 20:41:53 [http-nio-8080-exec-2] INFO  c.s.digitalBook.service.UserService - Rcupration de l'utilisateur par email : cedricp1979@gmail.com
2024-09-10 20:41:53 [http-nio-8080-exec-9] INFO  c.s.d.service.CategorieService - Nombre de catgories rcupres: 20
2024-09-10 20:41:53 [http-nio-8080-exec-7] INFO  c.s.digitalBook.service.BookService - Rcupration de tous les livres
2024-09-10 20:41:55 [http-nio-8080-exec-10] INFO  c.s.digitalBook.service.UserService - Rcupration de l'utilisateur par email : cedricp1979@gmail.com
2024-09-10 20:41:55 [http-nio-8080-exec-8] INFO  c.s.digitalBook.service.BookService - Rcupration du livre avec l'ID : 4
2024-09-10 20:41:55 [http-nio-8080-exec-5] INFO  c.s.digitalBook.service.UserService - Rcupration de l'utilisateur par email : cedricp1979@gmail.com
2024-09-10 20:41:55 [http-nio-8080-exec-3] INFO  c.s.digitalBook.service.BookService - Rcupration des livres par catgorie : Classics
2024-09-10 20:41:55 [http-nio-8080-exec-1] INFO  c.s.digitalBook.service.CartService - Panier rcupr pour l'utilisateur avec l'ID: 32
2024-09-10 20:41:57 [http-nio-8080-exec-4] INFO  c.s.digitalBook.service.BookService - Rcupration de tous les livres
2024-09-10 20:41:57 [http-nio-8080-exec-2] INFO  c.s.d.service.CategorieService - Rcupration de toutes les catgories.
2024-09-10 20:41:57 [http-nio-8080-exec-9] INFO  c.s.digitalBook.service.UserService - Rcupration de l'utilisateur par email : cedricp1979@gmail.com
2024-09-10 20:41:57 [http-nio-8080-exec-2] INFO  c.s.d.service.CategorieService - Nombre de catgories rcupres: 20
2024-09-10 20:41:57 [http-nio-8080-exec-6] INFO  c.s.digitalBook.service.BookService - Rcupration de tous les livres
2024-09-10 20:41:58 [http-nio-8080-exec-7] INFO  c.s.digitalBook.service.BookService - Rcupration du livre avec l'ID : 1
2024-09-10 20:41:58 [http-nio-8080-exec-10] INFO  c.s.digitalBook.service.UserService - Rcupration de l'utilisateur par email : cedricp1979@gmail.com
2024-09-10 20:41:58 [http-nio-8080-exec-8] INFO  c.s.digitalBook.service.UserService - Rcupration de l'utilisateur par email : cedricp1979@gmail.com
2024-09-10 20:41:58 [http-nio-8080-exec-5] INFO  c.s.digitalBook.service.BookService - Rcupration des livres par catgorie : Fantasy
2024-09-10 20:41:58 [http-nio-8080-exec-1] INFO  c.s.digitalBook.service.CartService - Panier rcupr pour l'utilisateur avec l'ID: 32
2024-09-10 20:42:00 [http-nio-8080-exec-3] INFO  c.s.digitalBook.service.CartService - Ajout du livre avec l'ID 1 au panier de l'utilisateur avec l'ID 32
2024-09-10 20:42:00 [http-nio-8080-exec-3] INFO  c.s.digitalBook.service.CartService - Livre avec l'ID 1 ajout au panier de l'utilisateur avec l'ID 32
2024-09-10 20:42:00 [http-nio-8080-exec-9] INFO  c.s.digitalBook.service.CartService - Panier rcupr pour l'utilisateur avec l'ID: 32
2024-09-10 20:42:00 [http-nio-8080-exec-9] INFO  c.s.digitalBook.service.CartService - Nombre d'articles dans le panier de l'utilisateur avec l'ID 32: 2
2024-09-10 20:42:01 [http-nio-8080-exec-6] INFO  c.s.digitalBook.service.UserService - Rcupration de l'utilisateur par email : cedricp1979@gmail.com
2024-09-10 20:42:01 [http-nio-8080-exec-10] INFO  c.s.digitalBook.service.UserService - Rcupration de l'utilisateur par email : cedricp1979@gmail.com
2024-09-10 20:42:01 [http-nio-8080-exec-7] INFO  c.s.digitalBook.service.CartService - Panier rcupr pour l'utilisateur avec l'ID: 32
2024-09-10 20:42:14 [http-nio-8080-exec-5] INFO  c.s.digitalBook.service.UserService - Rcupration de l'utilisateur par email : cedricp1979@gmail.com
2024-09-10 20:42:14 [http-nio-8080-exec-1] INFO  c.s.digitalBook.service.CartService - Panier rcupr pour l'utilisateur avec l'ID: 32
2024-09-10 20:42:36 [http-nio-8080-exec-9] INFO  c.s.d.service.CommandeService - Commande ajoute avec succs. ID: 73
2024-09-10 20:42:46 [http-nio-8080-exec-4] INFO  c.s.d.service.CommandeService - Commande ajoute avec succs. ID: 74
2024-09-10 20:43:13 [http-nio-8080-exec-7] INFO  c.s.d.service.CommandeService - Commande ajoute avec succs. ID: 75
2024-09-10 20:43:13 [http-nio-8080-exec-7] INFO  c.s.digitalBook.service.EmailService - E-mail de confirmation de commande envoy  l'adresse : cedricp1979@gmail.com
2024-09-10 20:43:13 [http-nio-8080-exec-7] INFO  c.s.d.service.CommandeService - E-mail de confirmation envoy  l'adresse: cedricp1979@gmail.com
2024-09-10 20:43:13 [http-nio-8080-exec-8] INFO  c.s.digitalBook.service.CartService - Vidage du panier de l'utilisateur avec l'ID: 32
2024-09-10 20:43:13 [http-nio-8080-exec-8] INFO  c.s.digitalBook.service.CartService - Panier rcupr pour l'utilisateur avec l'ID: 32
2024-09-10 20:43:13 [http-nio-8080-exec-8] INFO  c.s.digitalBook.service.CartService - Panier de l'utilisateur avec l'ID 32 vid avec succs
2024-09-10 20:43:13 [http-nio-8080-exec-5] INFO  c.s.digitalBook.service.CartService - Panier rcupr pour l'utilisateur avec l'ID: 32
2024-09-10 20:43:13 [http-nio-8080-exec-5] INFO  c.s.digitalBook.service.CartService - Nombre d'articles dans le panier de l'utilisateur avec l'ID 32: 0
2024-09-10 20:43:17 [http-nio-8080-exec-1] INFO  c.s.digitalBook.service.BookService - Rcupration de tous les livres
2024-09-10 20:43:17 [http-nio-8080-exec-9] INFO  c.s.digitalBook.service.UserService - Rcupration de l'utilisateur par email : cedricp1979@gmail.com
2024-09-10 20:43:35 [http-nio-8080-exec-6] INFO  c.s.digitalBook.service.UserService - Rcupration de l'utilisateur par email : cedricp1979@gmail.com
2024-09-10 20:43:35 [http-nio-8080-exec-10] INFO  c.s.digitalBook.service.UserService - Rcupration de l'utilisateur par email : cedricp1979@gmail.com
2024-09-10 20:43:35 [http-nio-8080-exec-7] INFO  c.s.d.service.CommandeService - Rcupration des commandes pour l'utilisateur ID: 32
2024-09-10 20:43:35 [http-nio-8080-exec-7] INFO  c.s.d.service.CommandeService - Nombre de commandes rcupres pour l'utilisateur ID 32: 3
2024-09-10 20:43:46 [http-nio-8080-exec-8] INFO  c.s.digitalBook.service.BookService - Rcupration du livre avec l'ID : 1
2024-09-10 20:43:46 [http-nio-8080-exec-5] INFO  c.s.digitalBook.service.BookService - Rcupration du livre avec l'ID : 2
2024-09-10 20:43:50 [http-nio-8080-exec-3] INFO  c.s.digitalBook.service.BookService - Rcupration du livre avec l'ID : 1
2024-09-10 20:43:50 [http-nio-8080-exec-9] INFO  c.s.digitalBook.service.BookService - Rcupration du livre avec l'ID : 2
2024-09-10 20:43:53 [http-nio-8080-exec-1] INFO  c.s.digitalBook.service.BookService - Rcupration de tous les livres
2024-09-10 20:43:53 [http-nio-8080-exec-4] INFO  c.s.digitalBook.service.UserService - Rcupration de l'utilisateur par email : cedricp1979@gmail.com
2024-09-10 20:43:54 [http-nio-8080-exec-6] INFO  c.s.digitalBook.service.BookService - Rcupration du livre avec l'ID : 1
2024-09-10 20:43:54 [http-nio-8080-exec-10] INFO  c.s.digitalBook.service.UserService - Rcupration de l'utilisateur par email : cedricp1979@gmail.com
2024-09-10 20:43:54 [http-nio-8080-exec-7] INFO  c.s.digitalBook.service.UserService - Rcupration de l'utilisateur par email : cedricp1979@gmail.com
2024-09-10 20:43:54 [http-nio-8080-exec-8] INFO  c.s.digitalBook.service.BookService - Rcupration des livres par catgorie : Fantasy
2024-09-10 20:43:54 [http-nio-8080-exec-5] INFO  c.s.digitalBook.service.CartService - Panier rcupr pour l'utilisateur avec l'ID: 32
2024-09-10 20:43:55 [http-nio-8080-exec-3] INFO  c.s.digitalBook.service.CartService - Ajout du livre avec l'ID 1 au panier de l'utilisateur avec l'ID 32
2024-09-10 20:43:55 [http-nio-8080-exec-3] INFO  c.s.digitalBook.service.CartService - Livre avec l'ID 1 ajout au panier de l'utilisateur avec l'ID 32
2024-09-10 20:43:55 [http-nio-8080-exec-9] INFO  c.s.digitalBook.service.CartService - Panier rcupr pour l'utilisateur avec l'ID: 32
2024-09-10 20:43:55 [http-nio-8080-exec-9] INFO  c.s.digitalBook.service.CartService - Nombre d'articles dans le panier de l'utilisateur avec l'ID 32: 1
2024-09-10 20:43:56 [http-nio-8080-exec-2] INFO  c.s.digitalBook.service.UserService - Rcupration de l'utilisateur par email : cedricp1979@gmail.com
2024-09-10 20:43:56 [http-nio-8080-exec-4] INFO  c.s.digitalBook.service.UserService - Rcupration de l'utilisateur par email : cedricp1979@gmail.com
2024-09-10 20:43:56 [http-nio-8080-exec-1] INFO  c.s.digitalBook.service.CartService - Panier rcupr pour l'utilisateur avec l'ID: 32
2024-09-10 20:43:57 [http-nio-8080-exec-10] INFO  c.s.digitalBook.service.UserService - Rcupration de l'utilisateur par email : cedricp1979@gmail.com
2024-09-10 20:43:57 [http-nio-8080-exec-6] INFO  c.s.digitalBook.service.CartService - Panier rcupr pour l'utilisateur avec l'ID: 32
2024-09-10 20:44:01 [http-nio-8080-exec-5] INFO  c.s.d.service.CommandeService - Commande ajoute avec succs. ID: 76
2024-09-10 20:44:01 [http-nio-8080-exec-5] INFO  c.s.digitalBook.service.EmailService - E-mail de confirmation de commande envoy  l'adresse : cedricp1979@gmail.com
2024-09-10 20:44:01 [http-nio-8080-exec-5] INFO  c.s.d.service.CommandeService - E-mail de confirmation envoy  l'adresse: cedricp1979@gmail.com
2024-09-10 20:44:01 [http-nio-8080-exec-8] INFO  c.s.digitalBook.service.CartService - Vidage du panier de l'utilisateur avec l'ID: 32
2024-09-10 20:44:01 [http-nio-8080-exec-8] INFO  c.s.digitalBook.service.CartService - Panier rcupr pour l'utilisateur avec l'ID: 32
2024-09-10 20:44:01 [http-nio-8080-exec-8] INFO  c.s.digitalBook.service.CartService - Panier de l'utilisateur avec l'ID 32 vid avec succs
2024-09-10 20:44:01 [http-nio-8080-exec-3] INFO  c.s.digitalBook.service.CartService - Panier rcupr pour l'utilisateur avec l'ID: 32
2024-09-10 20:44:01 [http-nio-8080-exec-3] INFO  c.s.digitalBook.service.CartService - Nombre d'articles dans le panier de l'utilisateur avec l'ID 32: 0
2024-09-10 20:44:04 [http-nio-8080-exec-9] INFO  c.s.digitalBook.service.BookService - Rcupration de tous les livres
2024-09-10 20:44:04 [http-nio-8080-exec-4] INFO  c.s.digitalBook.service.UserService - Rcupration de l'utilisateur par email : cedricp1979@gmail.com
2024-09-10 20:44:05 [http-nio-8080-exec-1] INFO  c.s.digitalBook.service.UserService - Rcupration de l'utilisateur par email : cedricp1979@gmail.com
2024-09-10 20:44:05 [http-nio-8080-exec-10] INFO  c.s.digitalBook.service.UserService - Rcupration de l'utilisateur par email : cedricp1979@gmail.com
2024-09-10 20:44:05 [http-nio-8080-exec-6] INFO  c.s.d.service.CommandeService - Rcupration des commandes pour l'utilisateur ID: 32
2024-09-10 20:44:05 [http-nio-8080-exec-6] INFO  c.s.d.service.CommandeService - Nombre de commandes rcupres pour l'utilisateur ID 32: 4
2024-09-10 21:00:43 [http-nio-8080-exec-3] INFO  c.s.digitalBook.service.BookService - Rcupration de tous les livres
2024-09-10 21:00:43 [http-nio-8080-exec-4] INFO  c.s.digitalBook.service.UserService - Rcupration de l'utilisateur par email : cedricp1979@gmail.com
2024-09-10 21:00:47 [http-nio-8080-exec-6] INFO  c.s.d.service.TokenBlacklistService - Jeton ajout  la liste noire : dummy-token
